<?xml version="1.0" encoding="UTF-8"?>
<Site BuildName="(empty)"
	BuildStamp="20221124-2216-Experimental"
	Name="(empty)"
	Generator="ctest-3.22.1"
	CompilerName=""
	CompilerVersion=""
	OSName="Linux"
	Hostname="lollerfirst-server"
	OSRelease="5.15.0-53-generic"
	OSVersion="#59-Ubuntu SMP Mon Oct 17 18:53:30 UTC 2022"
	OSPlatform="x86_64"
	Is64Bits="1"
	VendorString="GenuineIntel"
	VendorID="Intel Corporation"
	FamilyID="6"
	ModelID="42"
	ProcessorCacheSize="3072"
	NumberOfLogicalCPU="2"
	NumberOfPhysicalCPU="2"
	TotalVirtualMemory="2047"
	TotalPhysicalMemory="7816"
	LogicalProcessorsPerPhysical="1"
	ProcessorClockFrequency="2494.33"
	>
	<Testing>
		<StartDateTime>Nov 24 23:16 CET</StartDateTime>
		<StartTestTime>1669328199</StartTestTime>
		<TestList/>
		<EndDateTime>Nov 24 23:16 CET</EndDateTime>
		<EndTestTime>1669328199</EndTestTime>
		<ElapsedMinutes>0</ElapsedMinutes>
	</Testing>
</Site>
